<?xml version="1.0" encoding="UTF-8"?>
<testng-results ignored="0" total="1" passed="1" failed="0" skipped="0">
  <reporter-output>
  </reporter-output>
  <suite started-at="2022-07-02T00:48:15 EDT" name="Default suite" finished-at="2022-07-02T00:48:15 EDT" duration-ms="117">
    <groups>
    </groups>
    <test started-at="2022-07-02T00:48:15 EDT" name="Default test" finished-at="2022-07-02T00:48:15 EDT" duration-ms="117">
      <class name="TaAs8TNG">
        <test-method signature="TestNGClass()[pri:0, instance:TaAs8TNG@1817d444]" started-at="2022-07-02T00:48:15 EDT" name="TestNGClass" finished-at="2022-07-02T00:48:15 EDT" duration-ms="22" status="PASS">
          <reporter-output>
          </reporter-output>
        </test-method> <!-- TestNGClass -->
      </class> <!-- TaAs8TNG -->
    </test> <!-- Default test -->
  </suite> <!-- Default suite -->
</testng-results>
